<?xml version="1.0" encoding="UTF-8"?>
<!-- Generated by org.testng.reporters.JUnitReportReporter -->
<testsuite skipped="0" hostname="BLRL5CG0287TTQ" name="com.qa.OpenCart.Tests.LoginPageTest" tests="2" failures="0" timestamp="2022-02-03T01:45:43 IST" time="3.764" errors="0">
  <testcase name="verifyLoginPageTitleTest" time="0.075" classname="com.qa.OpenCart.Tests.LoginPageTest"/>
  <system-out/>
  <testcase name="loginTest" time="3.689" classname="com.qa.OpenCart.Tests.LoginPageTest"/>
  <system-out/>
</testsuite> <!-- com.qa.OpenCart.Tests.LoginPageTest -->
