<?xml version="1.0" encoding="UTF-8"?>
<!-- Generated by org.testng.reporters.JUnitReportReporter -->
<testsuite skipped="0" hostname="BLRL5CG0287TTQ" name="com.qa.OpenCart.Tests.RegistrationPageTest" tests="4" failures="0" timestamp="2022-01-31T00:26:52 IST" time="4.457" errors="0">
  <testcase name="userRegistrationTest" time="0.758" classname="com.qa.OpenCart.Tests.RegistrationPageTest"/>
  <system-out/>
  <testcase name="userRegistrationTest" time="2.142" classname="com.qa.OpenCart.Tests.RegistrationPageTest"/>
  <system-out/>
  <testcase name="userRegistrationTest" time="0.795" classname="com.qa.OpenCart.Tests.RegistrationPageTest"/>
  <system-out/>
  <testcase name="userRegistrationTest" time="0.762" classname="com.qa.OpenCart.Tests.RegistrationPageTest"/>
  <system-out/>
</testsuite> <!-- com.qa.OpenCart.Tests.RegistrationPageTest -->
