<?xml version="1.0" encoding="UTF-8"?>
<!-- Generated by org.testng.reporters.JUnitReportReporter -->
<testsuite skipped="0" hostname="BLRL5CG0287TTQ" name="com.qa.OpenCart.Tests.HomePageTest" tests="6" failures="0" timestamp="2022-02-03T01:45:43 IST" time="0.280" errors="0">
  <testcase name="homePageTitleTest" time="0.031" classname="com.qa.OpenCart.Tests.HomePageTest"/>
  <system-out/>
  <testcase name="verifyHomePageHeaderTest" time="0.044" classname="com.qa.OpenCart.Tests.HomePageTest"/>
  <system-out/>
  <testcase name="verifyShoppingCartTest" time="0.060" classname="com.qa.OpenCart.Tests.HomePageTest"/>
  <system-out/>
  <testcase name="verifyMyAccountIconTest" time="0.038" classname="com.qa.OpenCart.Tests.HomePageTest"/>
  <system-out/>
  <testcase name="verifyMyAccountSectionsCountTest" time="0.013" classname="com.qa.OpenCart.Tests.HomePageTest"/>
  <system-out/>
  <testcase name="verifyMyAccountSectionsistTest" time="0.094" classname="com.qa.OpenCart.Tests.HomePageTest"/>
  <system-out/>
</testsuite> <!-- com.qa.OpenCart.Tests.HomePageTest -->
