<?xml version="1.0" encoding="UTF-8"?>
<!-- Generated by org.testng.reporters.JUnitReportReporter -->
<testsuite skipped="0" hostname="BLRL5CG0287TTQ" name="com.qa.OpenCart.Tests.RegistrationPageTest" tests="4" failures="0" timestamp="2022-02-03T01:45:43 IST" time="4.268" errors="0">
  <testcase name="userRegistrationTest" time="0.752" classname="com.qa.OpenCart.Tests.RegistrationPageTest"/>
  <system-out/>
  <testcase name="userRegistrationTest" time="0.598" classname="com.qa.OpenCart.Tests.RegistrationPageTest"/>
  <system-out/>
  <testcase name="userRegistrationTest" time="2.195" classname="com.qa.OpenCart.Tests.RegistrationPageTest"/>
  <system-out/>
  <testcase name="userRegistrationTest" time="0.723" classname="com.qa.OpenCart.Tests.RegistrationPageTest"/>
  <system-out/>
</testsuite> <!-- com.qa.OpenCart.Tests.RegistrationPageTest -->
