<?xml version="1.0" encoding="UTF-8"?>
<!-- Generated by org.testng.reporters.JUnitReportReporter -->
<testsuite skipped="0" hostname="BLRL5CG0287TTQ" name="com.qa.OpenCart.Tests.HomePageTest" tests="6" failures="0" timestamp="2022-01-31T00:26:52 IST" time="0.518" errors="0">
  <testcase name="homePageTitleTest" time="0.027" classname="com.qa.OpenCart.Tests.HomePageTest"/>
  <system-out/>
  <testcase name="verifyHomePageHeaderTest" time="0.041" classname="com.qa.OpenCart.Tests.HomePageTest"/>
  <system-out/>
  <testcase name="verifyShoppingCartTest" time="0.060" classname="com.qa.OpenCart.Tests.HomePageTest"/>
  <system-out/>
  <testcase name="verifyMyAccountIconTest" time="0.276" classname="com.qa.OpenCart.Tests.HomePageTest"/>
  <system-out/>
  <testcase name="verifyMyAccountSectionsCountTest" time="0.015" classname="com.qa.OpenCart.Tests.HomePageTest"/>
  <system-out/>
  <testcase name="verifyMyAccountSectionsistTest" time="0.099" classname="com.qa.OpenCart.Tests.HomePageTest"/>
  <system-out/>
</testsuite> <!-- com.qa.OpenCart.Tests.HomePageTest -->
